<?xml version="1.0" encoding="UTF-8"?>
<testng-results ignored="0" total="1" passed="1" failed="0" skipped="0">
  <reporter-output>
  </reporter-output>
  <suite started-at="2024-08-26T09:48:36 IST" name="Default suite" finished-at="2024-08-26T09:48:46 IST" duration-ms="9887">
    <groups>
    </groups>
    <test started-at="2024-08-26T09:48:36 IST" name="Default test" finished-at="2024-08-26T09:48:46 IST" duration-ms="9887">
      <class name="formeditanddelete.formfillandeditanddelete">
        <test-method is-config="true" signature="beforesuit()[pri:0, instance:formeditanddelete.formfillandeditanddelete@3cce5371]" started-at="2024-08-26T09:48:35 IST" name="beforesuit" finished-at="2024-08-26T09:48:36 IST" duration-ms="1506" status="PASS">
          <reporter-output>
          </reporter-output>
        </test-method> <!-- beforesuit -->
        <test-method is-config="true" signature="classes()[pri:0, instance:formeditanddelete.formfillandeditanddelete@3cce5371]" started-at="2024-08-26T09:48:36 IST" name="classes" finished-at="2024-08-26T09:48:37 IST" duration-ms="739" status="PASS">
          <reporter-output>
          </reporter-output>
        </test-method> <!-- classes -->
        <test-method signature="f()[pri:0, instance:formeditanddelete.formfillandeditanddelete@3cce5371]" started-at="2024-08-26T09:48:37 IST" name="f" finished-at="2024-08-26T09:48:46 IST" duration-ms="9118" status="PASS">
          <reporter-output>
          </reporter-output>
        </test-method> <!-- f -->
        <test-method is-config="true" signature="aftre()[pri:0, instance:formeditanddelete.formfillandeditanddelete@3cce5371]" started-at="2024-08-26T09:48:46 IST" name="aftre" finished-at="2024-08-26T09:48:46 IST" duration-ms="102" status="PASS">
          <reporter-output>
          </reporter-output>
        </test-method> <!-- aftre -->
      </class> <!-- formeditanddelete.formfillandeditanddelete -->
    </test> <!-- Default test -->
  </suite> <!-- Default suite -->
</testng-results>
